0 info it worked if it ends with ok
1 verbose cli [ '/Users/joshuafrederick/.nvm/versions/v6.2.2/bin/node',
1 verbose cli   '/Users/joshuafrederick/.nvm/versions/v6.2.2/bin/npm',
1 verbose cli   'run',
1 verbose cli   'check-build' ]
2 info using npm@3.9.5
3 info using node@v6.2.2
4 verbose run-script [ 'precheck-build', 'check-build', 'postcheck-build' ]
5 info lifecycle wysiwyg-html-editor@0.2.0~precheck-build: wysiwyg-html-editor@0.2.0
6 silly lifecycle wysiwyg-html-editor@0.2.0~precheck-build: no script for precheck-build, continuing
7 info lifecycle wysiwyg-html-editor@0.2.0~check-build: wysiwyg-html-editor@0.2.0
8 verbose lifecycle wysiwyg-html-editor@0.2.0~check-build: unsafe-perm in lifecycle true
9 verbose lifecycle wysiwyg-html-editor@0.2.0~check-build: PATH: /Users/joshuafrederick/.nvm/versions/v6.2.2/lib/node_modules/npm/bin/node-gyp-bin:/Users/joshuafrederick/Workspace/wysiwyg-html-editor/node_modules/.bin:/Users/joshuafrederick/.nvm/versions/v6.2.2/bin:/Users/joshuafrederick/.rbenv/shims:/Users/joshuafrederick/.nvm/versions/v6.2.2/bin:/usr/local/bin:/usr/local/sbin:/usr/bin:/bin:/usr/sbin:/sbin:/usr/local/git/bin:/usr/local/Cellar/ruby/2.3.0/bin
10 verbose lifecycle wysiwyg-html-editor@0.2.0~check-build: CWD: /Users/joshuafrederick/Workspace/wysiwyg-html-editor
11 silly lifecycle wysiwyg-html-editor@0.2.0~check-build: Args: [ '-c', '. ./scripts/check-build' ]
12 silly lifecycle wysiwyg-html-editor@0.2.0~check-build: Returned: code: 1  signal: null
13 info lifecycle wysiwyg-html-editor@0.2.0~check-build: Failed to exec check-build script
14 verbose stack Error: wysiwyg-html-editor@0.2.0 check-build: `. ./scripts/check-build`
14 verbose stack Exit status 1
14 verbose stack     at EventEmitter.<anonymous> (/Users/joshuafrederick/.nvm/versions/v6.2.2/lib/node_modules/npm/lib/utils/lifecycle.js:245:16)
14 verbose stack     at emitTwo (events.js:106:13)
14 verbose stack     at EventEmitter.emit (events.js:191:7)
14 verbose stack     at ChildProcess.<anonymous> (/Users/joshuafrederick/.nvm/versions/v6.2.2/lib/node_modules/npm/lib/utils/spawn.js:24:14)
14 verbose stack     at emitTwo (events.js:106:13)
14 verbose stack     at ChildProcess.emit (events.js:191:7)
14 verbose stack     at maybeClose (internal/child_process.js:852:16)
14 verbose stack     at Process.ChildProcess._handle.onexit (internal/child_process.js:215:5)
15 verbose pkgid wysiwyg-html-editor@0.2.0
16 verbose cwd /Users/joshuafrederick/Workspace/wysiwyg-html-editor
17 error Darwin 15.0.0
18 error argv "/Users/joshuafrederick/.nvm/versions/v6.2.2/bin/node" "/Users/joshuafrederick/.nvm/versions/v6.2.2/bin/npm" "run" "check-build"
19 error node v6.2.2
20 error npm  v3.9.5
21 error code ELIFECYCLE
22 error wysiwyg-html-editor@0.2.0 check-build: `. ./scripts/check-build`
22 error Exit status 1
23 error Failed at the wysiwyg-html-editor@0.2.0 check-build script '. ./scripts/check-build'.
23 error Make sure you have the latest version of node.js and npm installed.
23 error If you do, this is most likely a problem with the wysiwyg-html-editor package,
23 error not with npm itself.
23 error Tell the author that this fails on your system:
23 error     . ./scripts/check-build
23 error You can get information on how to open an issue for this project with:
23 error     npm bugs wysiwyg-html-editor
23 error Or if that isn't available, you can get their info via:
23 error     npm owner ls wysiwyg-html-editor
23 error There is likely additional logging output above.
24 verbose exit [ 1, true ]
